{"/workspaces/InterfacesRicas/fatorial/fatorialTS.ts": {"path":"/workspaces/InterfacesRicas/fatorial/fatorialTS.ts","all":false,"statementMap":{"0":{"start":{"line":1,"column":0},"end":{"line":1,"column":47}},"1":{"start":{"line":2,"column":0},"end":{"line":2,"column":34}},"2":{"start":{"line":3,"column":0},"end":{"line":3,"column":29}},"3":{"start":{"line":4,"column":0},"end":{"line":4,"column":1}}},"s":{"0":5,"1":5,"2":3,"3":5},"branchMap":{"0":{"type":"branch","line":1,"loc":{"start":{"line":1,"column":0},"end":{"line":4,"column":1}},"locations":[{"start":{"line":1,"column":0},"end":{"line":4,"column":1}}]},"1":{"type":"branch","line":2,"loc":{"start":{"line":2,"column":13},"end":{"line":2,"column":23}},"locations":[{"start":{"line":2,"column":13},"end":{"line":2,"column":23}}]},"2":{"type":"branch","line":2,"loc":{"start":{"line":2,"column":25},"end":{"line":2,"column":34}},"locations":[{"start":{"line":2,"column":25},"end":{"line":2,"column":34}}]},"3":{"type":"branch","line":3,"loc":{"start":{"line":3,"column":-1},"end":{"line":3,"column":29}},"locations":[{"start":{"line":3,"column":-1},"end":{"line":3,"column":29}}]}},"b":{"0":[5],"1":[4],"2":[2],"3":[3]},"fnMap":{"0":{"name":"fat","decl":{"start":{"line":1,"column":0},"end":{"line":4,"column":1}},"loc":{"start":{"line":1,"column":0},"end":{"line":4,"column":1}},"line":1}},"f":{"0":5}}
}
