{"/workspaces/InterfacesRicas/fatorial/fatorialTS.ts": {"path":"/workspaces/InterfacesRicas/fatorial/fatorialTS.ts","all":false,"statementMap":{"0":{"start":{"line":1,"column":0},"end":{"line":1,"column":47}},"1":{"start":{"line":2,"column":0},"end":{"line":2,"column":34}},"2":{"start":{"line":3,"column":0},"end":{"line":3,"column":29}},"3":{"start":{"line":4,"column":0},"end":{"line":4,"column":1}}},"s":{"0":5,"1":5,"2":3,"3":5},"branchMap":{"0":{"type":"branch","line":1,"loc":{"start":{"line":1,"column":0},"end":{"line":4,"column":1}},"locations":[{"start":{"line":1,"column":0},"end":{"line":4,"column":1}}]},"1":{"type":"branch","line":2,"loc":{"start":{"line":2,"column":13},"end":{"line":2,"column":23}},"locations":[{"start":{"line":2,"column":13},"end":{"line":2,"column":23}}]},"2":{"type":"branch","line":2,"loc":{"start":{"line":2,"column":25},"end":{"line":2,"column":34}},"locations":[{"start":{"line":2,"column":25},"end":{"line":2,"column":34}}]},"3":{"type":"branch","line":3,"loc":{"start":{"line":3,"column":-1},"end":{"line":3,"column":29}},"locations":[{"start":{"line":3,"column":-1},"end":{"line":3,"column":29}}]}},"b":{"0":[5],"1":[4],"2":[2],"3":[3]},"fnMap":{"0":{"name":"fat","decl":{"start":{"line":1,"column":0},"end":{"line":4,"column":1}},"loc":{"start":{"line":1,"column":0},"end":{"line":4,"column":1}},"line":1}},"f":{"0":5}}
,"/workspaces/InterfacesRicas/funcoes_array/questao01.ts": {"path":"/workspaces/InterfacesRicas/funcoes_array/questao01.ts","all":false,"statementMap":{"0":{"start":{"line":1,"column":0},"end":{"line":1,"column":53}},"1":{"start":{"line":2,"column":0},"end":{"line":2,"column":29}},"2":{"start":{"line":3,"column":0},"end":{"line":3,"column":45}},"3":{"start":{"line":4,"column":0},"end":{"line":4,"column":48}},"4":{"start":{"line":5,"column":0},"end":{"line":5,"column":35}},"5":{"start":{"line":6,"column":0},"end":{"line":6,"column":5}},"6":{"start":{"line":7,"column":0},"end":{"line":7,"column":22}},"7":{"start":{"line":8,"column":0},"end":{"line":8,"column":1}},"8":{"start":{"line":9,"column":0},"end":{"line":9,"column":0}},"9":{"start":{"line":10,"column":0},"end":{"line":10,"column":53}},"10":{"start":{"line":11,"column":0},"end":{"line":11,"column":34}},"11":{"start":{"line":12,"column":0},"end":{"line":12,"column":9}},"12":{"start":{"line":13,"column":0},"end":{"line":13,"column":26}},"13":{"start":{"line":14,"column":0},"end":{"line":14,"column":17}},"14":{"start":{"line":15,"column":0},"end":{"line":15,"column":27}},"15":{"start":{"line":16,"column":0},"end":{"line":16,"column":22}},"16":{"start":{"line":17,"column":0},"end":{"line":17,"column":6}},"17":{"start":{"line":18,"column":0},"end":{"line":18,"column":22}},"18":{"start":{"line":19,"column":0},"end":{"line":19,"column":1}}},"s":{"0":1,"1":1,"2":1,"3":7,"4":7,"5":7,"6":1,"7":1,"8":1,"9":1,"10":1,"11":1,"12":1,"13":7,"14":7,"15":7,"16":1,"17":1,"18":1},"branchMap":{"0":{"type":"branch","line":1,"loc":{"start":{"line":1,"column":0},"end":{"line":8,"column":1}},"locations":[{"start":{"line":1,"column":0},"end":{"line":8,"column":1}}]},"1":{"type":"branch","line":3,"loc":{"start":{"line":3,"column":44},"end":{"line":6,"column":5}},"locations":[{"start":{"line":3,"column":44},"end":{"line":6,"column":5}}]},"2":{"type":"branch","line":10,"loc":{"start":{"line":10,"column":0},"end":{"line":19,"column":1}},"locations":[{"start":{"line":10,"column":0},"end":{"line":19,"column":1}}]},"3":{"type":"branch","line":13,"loc":{"start":{"line":13,"column":20},"end":{"line":17,"column":5}},"locations":[{"start":{"line":13,"column":20},"end":{"line":17,"column":5}}]}},"b":{"0":[1],"1":[7],"2":[1],"3":[7]},"fnMap":{"0":{"name":"exp01","decl":{"start":{"line":1,"column":0},"end":{"line":8,"column":1}},"loc":{"start":{"line":1,"column":0},"end":{"line":8,"column":1}},"line":1},"1":{"name":"exp02","decl":{"start":{"line":10,"column":0},"end":{"line":19,"column":1}},"loc":{"start":{"line":10,"column":0},"end":{"line":19,"column":1}},"line":10}},"f":{"0":1,"1":1}}
,"/workspaces/InterfacesRicas/funcoes_array/questao02.ts": {"path":"/workspaces/InterfacesRicas/funcoes_array/questao02.ts","all":false,"statementMap":{"0":{"start":{"line":1,"column":0},"end":{"line":1,"column":47}},"1":{"start":{"line":2,"column":0},"end":{"line":2,"column":40}},"2":{"start":{"line":3,"column":0},"end":{"line":3,"column":25}},"3":{"start":{"line":4,"column":0},"end":{"line":4,"column":1}}},"s":{"0":1,"1":1,"2":1,"3":1},"branchMap":{"0":{"type":"branch","line":1,"loc":{"start":{"line":1,"column":0},"end":{"line":4,"column":1}},"locations":[{"start":{"line":1,"column":0},"end":{"line":4,"column":1}}]}},"b":{"0":[1]},"fnMap":{"0":{"name":"conc","decl":{"start":{"line":1,"column":0},"end":{"line":4,"column":1}},"loc":{"start":{"line":1,"column":0},"end":{"line":4,"column":1}},"line":1}},"f":{"0":1}}
,"/workspaces/InterfacesRicas/funcoes_array/questao03.ts": {"path":"/workspaces/InterfacesRicas/funcoes_array/questao03.ts","all":false,"statementMap":{"0":{"start":{"line":1,"column":0},"end":{"line":1,"column":55}},"1":{"start":{"line":2,"column":0},"end":{"line":2,"column":44}},"2":{"start":{"line":3,"column":0},"end":{"line":3,"column":51}},"3":{"start":{"line":4,"column":0},"end":{"line":4,"column":29}},"4":{"start":{"line":5,"column":0},"end":{"line":5,"column":1}}},"s":{"0":1,"1":1,"2":1,"3":1,"4":1},"branchMap":{"0":{"type":"branch","line":1,"loc":{"start":{"line":1,"column":0},"end":{"line":5,"column":1}},"locations":[{"start":{"line":1,"column":0},"end":{"line":5,"column":1}}]},"1":{"type":"branch","line":3,"loc":{"start":{"line":3,"column":31},"end":{"line":3,"column":50}},"locations":[{"start":{"line":3,"column":31},"end":{"line":3,"column":50}}]}},"b":{"0":[1],"1":[4]},"fnMap":{"0":{"name":"ordenar","decl":{"start":{"line":1,"column":0},"end":{"line":5,"column":1}},"loc":{"start":{"line":1,"column":0},"end":{"line":5,"column":1}},"line":1}},"f":{"0":1}}
,"/workspaces/InterfacesRicas/funcoes_array/questao04.ts": {"path":"/workspaces/InterfacesRicas/funcoes_array/questao04.ts","all":false,"statementMap":{"0":{"start":{"line":1,"column":0},"end":{"line":1,"column":62}},"1":{"start":{"line":2,"column":0},"end":{"line":2,"column":51}},"2":{"start":{"line":3,"column":0},"end":{"line":3,"column":35}},"3":{"start":{"line":4,"column":0},"end":{"line":4,"column":33}},"4":{"start":{"line":5,"column":0},"end":{"line":5,"column":1}}},"s":{"0":1,"1":1,"2":1,"3":1,"4":1},"branchMap":{"0":{"type":"branch","line":1,"loc":{"start":{"line":1,"column":0},"end":{"line":5,"column":1}},"locations":[{"start":{"line":1,"column":0},"end":{"line":5,"column":1}}]}},"b":{"0":[1]},"fnMap":{"0":{"name":"dois_primeiros","decl":{"start":{"line":1,"column":0},"end":{"line":5,"column":1}},"loc":{"start":{"line":1,"column":0},"end":{"line":5,"column":1}},"line":1}},"f":{"0":1}}
,"/workspaces/InterfacesRicas/funcoes_array/questao05.ts": {"path":"/workspaces/InterfacesRicas/funcoes_array/questao05.ts","all":false,"statementMap":{"0":{"start":{"line":1,"column":0},"end":{"line":1,"column":53}},"1":{"start":{"line":2,"column":0},"end":{"line":2,"column":53}},"2":{"start":{"line":3,"column":0},"end":{"line":3,"column":30}},"3":{"start":{"line":4,"column":0},"end":{"line":4,"column":24}},"4":{"start":{"line":5,"column":0},"end":{"line":5,"column":1}}},"s":{"0":1,"1":1,"2":1,"3":1,"4":1},"branchMap":{"0":{"type":"branch","line":1,"loc":{"start":{"line":1,"column":0},"end":{"line":5,"column":1}},"locations":[{"start":{"line":1,"column":0},"end":{"line":5,"column":1}}]},"1":{"type":"branch","line":2,"loc":{"start":{"line":2,"column":39},"end":{"line":2,"column":52}},"locations":[{"start":{"line":2,"column":39},"end":{"line":2,"column":52}}]}},"b":{"0":[1],"1":[6]},"fnMap":{"0":{"name":"pares","decl":{"start":{"line":1,"column":0},"end":{"line":5,"column":1}},"loc":{"start":{"line":1,"column":0},"end":{"line":5,"column":1}},"line":1}},"f":{"0":1}}
}
