TN:
SF:classes/questao01.ts
FN:9,get comprimento
FN:13,get largura
FN:17,set comprimento
FN:21,set largura
FN:25,area
FN:34,get base
FN:38,get altura
FN:42,set base
FN:46,set altura
FN:50,area
FNF:10
FNH:6
FNDA:0,get comprimento
FNDA:0,get largura
FNDA:1,set comprimento
FNDA:1,set largura
FNDA:1,area
FNDA:0,get base
FNDA:0,get altura
FNDA:1,set base
FNDA:1,set altura
FNDA:1,area
DA:1,1
DA:2,1
DA:3,1
DA:4,1
DA:5,1
DA:6,1
DA:7,1
DA:8,1
DA:9,1
DA:10,0
DA:11,0
DA:12,1
DA:13,1
DA:14,0
DA:15,0
DA:16,1
DA:17,1
DA:18,1
DA:19,1
DA:20,1
DA:21,1
DA:22,1
DA:23,1
DA:24,1
DA:25,1
DA:26,1
DA:27,1
DA:28,1
DA:29,1
DA:30,1
DA:31,1
DA:32,1
DA:33,1
DA:34,1
DA:35,0
DA:36,0
DA:37,1
DA:38,1
DA:39,0
DA:40,0
DA:41,1
DA:42,1
DA:43,1
DA:44,1
DA:45,1
DA:46,1
DA:47,1
DA:48,1
DA:49,1
DA:50,1
DA:51,1
DA:52,1
DA:53,1
DA:54,1
DA:55,1
DA:56,1
DA:57,1
LF:57
LH:49
BRDA:17,0,0,1
BRDA:21,1,0,1
BRDA:25,2,0,1
BRDA:42,3,0,1
BRDA:46,4,0,1
BRDA:50,5,0,1
BRF:6
BRH:6
end_of_record
TN:
SF:classes/questao02.ts
FN:3,Pagamento
FN:6,get valor
FN:9,set valor
FN:12,realizarPagamento
FN:15,valorPagamento
FN:18,calcularDesconto
FN:26,CartaoCredito
FN:31,get validade
FN:34,set validade
FN:37,get parcelas
FN:40,set parcelas
FN:43,validadeCartao
FN:46,quantidadeParcelas
FN:54,Boleto
FN:58,get validade
FN:61,set validade
FN:64,validadeBoleto
FNF:17
FNH:10
FNDA:3,Pagamento
FNDA:1,get valor
FNDA:1,set valor
FNDA:0,realizarPagamento
FNDA:0,valorPagamento
FNDA:1,calcularDesconto
FNDA:1,CartaoCredito
FNDA:0,get validade
FNDA:0,set validade
FNDA:1,get parcelas
FNDA:1,set parcelas
FNDA:0,validadeCartao
FNDA:0,quantidadeParcelas
FNDA:1,Boleto
FNDA:1,get validade
FNDA:1,set validade
FNDA:0,validadeBoleto
DA:1,1
DA:2,1
DA:3,1
DA:4,3
DA:5,3
DA:6,1
DA:7,1
DA:8,1
DA:9,1
DA:10,1
DA:11,1
DA:12,1
DA:13,0
DA:14,0
DA:15,1
DA:16,0
DA:17,0
DA:18,1
DA:19,1
DA:20,1
DA:21,1
DA:22,1
DA:23,1
DA:24,1
DA:25,1
DA:26,1
DA:27,1
DA:28,1
DA:29,1
DA:30,1
DA:31,1
DA:32,0
DA:33,0
DA:34,1
DA:35,0
DA:36,0
DA:37,1
DA:38,1
DA:39,1
DA:40,1
DA:41,1
DA:42,1
DA:43,1
DA:44,0
DA:45,0
DA:46,1
DA:47,0
DA:48,0
DA:49,0
DA:50,1
DA:51,1
DA:52,1
DA:53,1
DA:54,1
DA:55,1
DA:56,1
DA:57,1
DA:58,1
DA:59,1
DA:60,1
DA:61,1
DA:62,1
DA:63,1
DA:64,1
DA:65,0
DA:66,0
DA:67,1
LF:67
LH:52
BRDA:3,0,0,3
BRDA:6,1,0,1
BRDA:9,2,0,1
BRDA:18,3,0,1
BRDA:26,4,0,1
BRDA:37,5,0,1
BRDA:40,6,0,1
BRDA:54,7,0,1
BRDA:58,8,0,1
BRDA:61,9,0,1
BRF:10
BRH:10
end_of_record
TN:
SF:fatorial/fatorialTS.ts
FN:1,fat
FNF:1
FNH:1
FNDA:5,fat
DA:1,5
DA:2,5
DA:3,3
DA:4,5
LF:4
LH:4
BRDA:1,0,0,5
BRDA:2,1,0,4
BRDA:2,2,0,2
BRDA:3,3,0,3
BRF:4
BRH:4
end_of_record
TN:
SF:funcoes_array/questao01.ts
FN:1,exp01
FN:10,exp02
FNF:2
FNH:2
FNDA:1,exp01
FNDA:1,exp02
DA:1,1
DA:2,1
DA:3,1
DA:4,7
DA:5,7
DA:6,7
DA:7,1
DA:8,1
DA:9,1
DA:10,1
DA:11,1
DA:12,1
DA:13,1
DA:14,7
DA:15,7
DA:16,7
DA:17,1
DA:18,1
DA:19,1
LF:19
LH:19
BRDA:1,0,0,1
BRDA:3,1,0,7
BRDA:10,2,0,1
BRDA:13,3,0,7
BRF:4
BRH:4
end_of_record
TN:
SF:funcoes_array/questao02.ts
FN:1,conc
FNF:1
FNH:1
FNDA:1,conc
DA:1,1
DA:2,1
DA:3,1
DA:4,1
LF:4
LH:4
BRDA:1,0,0,1
BRF:1
BRH:1
end_of_record
TN:
SF:funcoes_array/questao03.ts
FN:1,ordenar
FNF:1
FNH:1
FNDA:1,ordenar
DA:1,1
DA:2,1
DA:3,1
DA:4,1
DA:5,1
LF:5
LH:5
BRDA:1,0,0,1
BRDA:3,1,0,4
BRF:2
BRH:2
end_of_record
TN:
SF:funcoes_array/questao04.ts
FN:1,dois_primeiros
FNF:1
FNH:1
FNDA:1,dois_primeiros
DA:1,1
DA:2,1
DA:3,1
DA:4,1
DA:5,1
LF:5
LH:5
BRDA:1,0,0,1
BRF:1
BRH:1
end_of_record
TN:
SF:funcoes_array/questao05.ts
FN:1,pares
FNF:1
FNH:1
FNDA:1,pares
DA:1,1
DA:2,1
DA:3,1
DA:4,1
DA:5,1
LF:5
LH:5
BRDA:1,0,0,1
BRDA:2,1,0,6
BRF:2
BRH:2
end_of_record
